[11-Nov-2021 12:18:33 PRC] PHP Fatal error:  Allowed memory size of 268435456 bytes exhausted (tried to allocate 20480 bytes) in /www/bbw/bbw-api/vendor/monolog/monolog/src/Monolog/Formatter/NormalizerFormatter.php on line 159
[11-Nov-2021 12:18:33 PRC] PHP Fatal error:  Allowed memory size of 268435456 bytes exhausted (tried to allocate 32768 bytes) in /www/bbw/bbw-api/vendor/symfony/debug/Exception/FatalErrorException.php on line 1
[11-Nov-2021 13:33:31 PRC] PHP Fatal error:  Allowed memory size of 268435456 bytes exhausted (tried to allocate 20480 bytes) in /www/bbw/bbw-api/vendor/monolog/monolog/src/Monolog/Formatter/NormalizerFormatter.php on line 159
[11-Nov-2021 13:33:31 PRC] PHP Fatal error:  Allowed memory size of 268435456 bytes exhausted (tried to allocate 32768 bytes) in /www/bbw/bbw-api/vendor/symfony/debug/Exception/FatalErrorException.php on line 1
[11-Nov-2021 13:44:03 PRC] PHP Fatal error:  Allowed memory size of 268435456 bytes exhausted (tried to allocate 172032 bytes) in /www/bbw/bbw-api/vendor/monolog/monolog/src/Monolog/Formatter/LineFormatter.php on line 106
[11-Nov-2021 13:44:03 PRC] PHP Fatal error:  Allowed memory size of 268435456 bytes exhausted (tried to allocate 32768 bytes) in /www/bbw/bbw-api/vendor/laravel/framework/src/Illuminate/Auth/EloquentUserProvider.php on line 1
[11-Nov-2021 14:29:30 PRC] PHP Fatal error:  Allowed memory size of 268435456 bytes exhausted (tried to allocate 167936 bytes) in /www/bbw/bbw-api/vendor/monolog/monolog/src/Monolog/Formatter/LineFormatter.php on line 106
[11-Nov-2021 14:29:30 PRC] PHP Fatal error:  Allowed memory size of 268435456 bytes exhausted (tried to allocate 32768 bytes) in /www/bbw/bbw-api/vendor/symfony/debug/Exception/FatalErrorException.php on line 1
[11-Nov-2021 15:13:55 PRC] PHP Fatal error:  Allowed memory size of 268435456 bytes exhausted (tried to allocate 20480 bytes) in /www/bbw/bbw-api/vendor/monolog/monolog/src/Monolog/Formatter/NormalizerFormatter.php on line 159
[11-Nov-2021 15:13:55 PRC] PHP Fatal error:  Allowed memory size of 268435456 bytes exhausted (tried to allocate 32768 bytes) in /www/bbw/bbw-api/vendor/symfony/debug/Exception/FatalErrorException.php on line 1
[11-Nov-2021 15:33:22 PRC] PHP Fatal error:  Allowed memory size of 268435456 bytes exhausted (tried to allocate 20480 bytes) in /www/bbw/bbw-api/vendor/monolog/monolog/src/Monolog/Formatter/NormalizerFormatter.php on line 159
[11-Nov-2021 15:33:22 PRC] PHP Fatal error:  Allowed memory size of 268435456 bytes exhausted (tried to allocate 32768 bytes) in /www/bbw/bbw-api/vendor/symfony/debug/Exception/FatalErrorException.php on line 1
[11-Nov-2021 15:43:51 PRC] PHP Fatal error:  Allowed memory size of 268435456 bytes exhausted (tried to allocate 20480 bytes) in /www/bbw/bbw-api/vendor/monolog/monolog/src/Monolog/Formatter/NormalizerFormatter.php on line 159
[11-Nov-2021 15:43:51 PRC] PHP Fatal error:  Allowed memory size of 268435456 bytes exhausted (tried to allocate 20480 bytes) in /www/bbw/bbw-api/vendor/laravel/framework/src/Illuminate/Foundation/Bootstrap/HandleExceptions.php on line 133
[11-Nov-2021 17:08:09 PRC] PHP Fatal error:  Allowed memory size of 268435456 bytes exhausted (tried to allocate 172032 bytes) in /www/bbw/bbw-api/vendor/kdd/module-tdt/Jd/jd/JdClient.php on line 148
[11-Nov-2021 17:23:03 PRC] PHP Fatal error:  Allowed memory size of 268435456 bytes exhausted (tried to allocate 167936 bytes) in /www/bbw/bbw-api/vendor/monolog/monolog/src/Monolog/Formatter/LineFormatter.php on line 106
[11-Nov-2021 17:23:03 PRC] PHP Fatal error:  Allowed memory size of 268435456 bytes exhausted (tried to allocate 32768 bytes) in /www/bbw/bbw-api/vendor/laravel/framework/src/Illuminate/Auth/EloquentUserProvider.php on line 1
[11-Nov-2021 17:25:23 PRC] PHP Fatal error:  Allowed memory size of 268435456 bytes exhausted (tried to allocate 172032 bytes) in /www/bbw/bbw-api/vendor/monolog/monolog/src/Monolog/Formatter/LineFormatter.php on line 106
[11-Nov-2021 17:25:23 PRC] PHP Fatal error:  Allowed memory size of 268435456 bytes exhausted (tried to allocate 32768 bytes) in /www/bbw/bbw-api/vendor/symfony/debug/Exception/FatalErrorException.php on line 1
[11-Nov-2021 17:35:18 PRC] PHP Fatal error:  Allowed memory size of 268435456 bytes exhausted (tried to allocate 20480 bytes) in /www/bbw/bbw-api/vendor/monolog/monolog/src/Monolog/Formatter/NormalizerFormatter.php on line 159
[11-Nov-2021 17:35:18 PRC] PHP Fatal error:  Allowed memory size of 268435456 bytes exhausted (tried to allocate 32768 bytes) in /www/bbw/bbw-api/vendor/symfony/debug/Exception/FatalErrorException.php on line 1
[11-Nov-2021 17:36:41 PRC] PHP Fatal error:  Allowed memory size of 268435456 bytes exhausted (tried to allocate 20480 bytes) in /www/bbw/bbw-api/vendor/monolog/monolog/src/Monolog/Formatter/NormalizerFormatter.php on line 159
[11-Nov-2021 17:36:41 PRC] PHP Fatal error:  Allowed memory size of 268435456 bytes exhausted (tried to allocate 32768 bytes) in /www/bbw/bbw-api/vendor/symfony/debug/Exception/FatalErrorException.php on line 1
[11-Nov-2021 18:54:44 PRC] PHP Fatal error:  Allowed memory size of 268435456 bytes exhausted (tried to allocate 20480 bytes) in /www/bbw/bbw-api/vendor/monolog/monolog/src/Monolog/Formatter/NormalizerFormatter.php on line 159
[11-Nov-2021 18:54:44 PRC] PHP Fatal error:  Allowed memory size of 268435456 bytes exhausted (tried to allocate 32768 bytes) in /www/bbw/bbw-api/vendor/symfony/debug/Exception/FatalErrorException.php on line 1
[11-Nov-2021 19:35:24 PRC] PHP Fatal error:  Allowed memory size of 268435456 bytes exhausted (tried to allocate 20480 bytes) in /www/bbw/bbw-api/vendor/monolog/monolog/src/Monolog/Formatter/NormalizerFormatter.php on line 159
[11-Nov-2021 19:35:24 PRC] PHP Fatal error:  Allowed memory size of 268435456 bytes exhausted (tried to allocate 32768 bytes) in /www/bbw/bbw-api/vendor/symfony/debug/Exception/FatalErrorException.php on line 1
